ARM GAS  C:\Users\xhex8\AppData\Local\Temp\ccwIlnnq.s 			page 1


   1              		.cpu cortex-m0plus
   2              		.arch armv6s-m
   3              		.fpu softvfp
   4              		.eabi_attribute 20, 1
   5              		.eabi_attribute 21, 1
   6              		.eabi_attribute 23, 3
   7              		.eabi_attribute 24, 1
   8              		.eabi_attribute 25, 1
   9              		.eabi_attribute 26, 1
  10              		.eabi_attribute 30, 1
  11              		.eabi_attribute 34, 0
  12              		.eabi_attribute 18, 4
  13              		.file	"stm32l0xx_hal_msp.c"
  14              		.text
  15              	.Ltext0:
  16              		.cfi_sections	.debug_frame
  17              		.file 1 "Core/Src/stm32l0xx_hal_msp.c"
  18              		.section	.text.HAL_MspInit,"ax",%progbits
  19              		.align	1
  20              		.global	HAL_MspInit
  21              		.syntax unified
  22              		.code	16
  23              		.thumb_func
  25              	HAL_MspInit:
  26              	.LFB40:
   1:Core/Src/stm32l0xx_hal_msp.c **** /* USER CODE BEGIN Header */
   2:Core/Src/stm32l0xx_hal_msp.c **** /**
   3:Core/Src/stm32l0xx_hal_msp.c ****   ******************************************************************************
   4:Core/Src/stm32l0xx_hal_msp.c ****   * @file         stm32l0xx_hal_msp.c
   5:Core/Src/stm32l0xx_hal_msp.c ****   * @brief        This file provides code for the MSP Initialization
   6:Core/Src/stm32l0xx_hal_msp.c ****   *               and de-Initialization codes.
   7:Core/Src/stm32l0xx_hal_msp.c ****   ******************************************************************************
   8:Core/Src/stm32l0xx_hal_msp.c ****   * @attention
   9:Core/Src/stm32l0xx_hal_msp.c ****   *
  10:Core/Src/stm32l0xx_hal_msp.c ****   * Copyright (c) 2024 STMicroelectronics.
  11:Core/Src/stm32l0xx_hal_msp.c ****   * All rights reserved.
  12:Core/Src/stm32l0xx_hal_msp.c ****   *
  13:Core/Src/stm32l0xx_hal_msp.c ****   * This software is licensed under terms that can be found in the LICENSE file
  14:Core/Src/stm32l0xx_hal_msp.c ****   * in the root directory of this software component.
  15:Core/Src/stm32l0xx_hal_msp.c ****   * If no LICENSE file comes with this software, it is provided AS-IS.
  16:Core/Src/stm32l0xx_hal_msp.c ****   *
  17:Core/Src/stm32l0xx_hal_msp.c ****   ******************************************************************************
  18:Core/Src/stm32l0xx_hal_msp.c ****   */
  19:Core/Src/stm32l0xx_hal_msp.c **** /* USER CODE END Header */
  20:Core/Src/stm32l0xx_hal_msp.c **** 
  21:Core/Src/stm32l0xx_hal_msp.c **** /* Includes ------------------------------------------------------------------*/
  22:Core/Src/stm32l0xx_hal_msp.c **** #include "main.h"
  23:Core/Src/stm32l0xx_hal_msp.c **** /* USER CODE BEGIN Includes */
  24:Core/Src/stm32l0xx_hal_msp.c **** 
  25:Core/Src/stm32l0xx_hal_msp.c **** /* USER CODE END Includes */
  26:Core/Src/stm32l0xx_hal_msp.c **** 
  27:Core/Src/stm32l0xx_hal_msp.c **** /* Private typedef -----------------------------------------------------------*/
  28:Core/Src/stm32l0xx_hal_msp.c **** /* USER CODE BEGIN TD */
  29:Core/Src/stm32l0xx_hal_msp.c **** 
  30:Core/Src/stm32l0xx_hal_msp.c **** /* USER CODE END TD */
  31:Core/Src/stm32l0xx_hal_msp.c **** 
  32:Core/Src/stm32l0xx_hal_msp.c **** /* Private define ------------------------------------------------------------*/
ARM GAS  C:\Users\xhex8\AppData\Local\Temp\ccwIlnnq.s 			page 2


  33:Core/Src/stm32l0xx_hal_msp.c **** /* USER CODE BEGIN Define */
  34:Core/Src/stm32l0xx_hal_msp.c **** 
  35:Core/Src/stm32l0xx_hal_msp.c **** /* USER CODE END Define */
  36:Core/Src/stm32l0xx_hal_msp.c **** 
  37:Core/Src/stm32l0xx_hal_msp.c **** /* Private macro -------------------------------------------------------------*/
  38:Core/Src/stm32l0xx_hal_msp.c **** /* USER CODE BEGIN Macro */
  39:Core/Src/stm32l0xx_hal_msp.c **** 
  40:Core/Src/stm32l0xx_hal_msp.c **** /* USER CODE END Macro */
  41:Core/Src/stm32l0xx_hal_msp.c **** 
  42:Core/Src/stm32l0xx_hal_msp.c **** /* Private variables ---------------------------------------------------------*/
  43:Core/Src/stm32l0xx_hal_msp.c **** /* USER CODE BEGIN PV */
  44:Core/Src/stm32l0xx_hal_msp.c **** 
  45:Core/Src/stm32l0xx_hal_msp.c **** /* USER CODE END PV */
  46:Core/Src/stm32l0xx_hal_msp.c **** 
  47:Core/Src/stm32l0xx_hal_msp.c **** /* Private function prototypes -----------------------------------------------*/
  48:Core/Src/stm32l0xx_hal_msp.c **** /* USER CODE BEGIN PFP */
  49:Core/Src/stm32l0xx_hal_msp.c **** 
  50:Core/Src/stm32l0xx_hal_msp.c **** /* USER CODE END PFP */
  51:Core/Src/stm32l0xx_hal_msp.c **** 
  52:Core/Src/stm32l0xx_hal_msp.c **** /* External functions --------------------------------------------------------*/
  53:Core/Src/stm32l0xx_hal_msp.c **** /* USER CODE BEGIN ExternalFunctions */
  54:Core/Src/stm32l0xx_hal_msp.c **** 
  55:Core/Src/stm32l0xx_hal_msp.c **** /* USER CODE END ExternalFunctions */
  56:Core/Src/stm32l0xx_hal_msp.c **** 
  57:Core/Src/stm32l0xx_hal_msp.c **** /* USER CODE BEGIN 0 */
  58:Core/Src/stm32l0xx_hal_msp.c **** 
  59:Core/Src/stm32l0xx_hal_msp.c **** /* USER CODE END 0 */
  60:Core/Src/stm32l0xx_hal_msp.c **** /**
  61:Core/Src/stm32l0xx_hal_msp.c ****   * Initializes the Global MSP.
  62:Core/Src/stm32l0xx_hal_msp.c ****   */
  63:Core/Src/stm32l0xx_hal_msp.c **** void HAL_MspInit(void)
  64:Core/Src/stm32l0xx_hal_msp.c **** {
  27              		.loc 1 64 1 view -0
  28              		.cfi_startproc
  29              		@ args = 0, pretend = 0, frame = 0
  30              		@ frame_needed = 0, uses_anonymous_args = 0
  31              		@ link register save eliminated.
  65:Core/Src/stm32l0xx_hal_msp.c **** 
  66:Core/Src/stm32l0xx_hal_msp.c ****   /* USER CODE BEGIN MspInit 0 */
  67:Core/Src/stm32l0xx_hal_msp.c **** 
  68:Core/Src/stm32l0xx_hal_msp.c ****   /* USER CODE END MspInit 0 */
  69:Core/Src/stm32l0xx_hal_msp.c **** 
  70:Core/Src/stm32l0xx_hal_msp.c ****   __HAL_RCC_SYSCFG_CLK_ENABLE();
  32              		.loc 1 70 3 view .LVU1
  33 0000 054B     		ldr	r3, .L2
  34 0002 5A6B     		ldr	r2, [r3, #52]
  35 0004 0121     		movs	r1, #1
  36 0006 0A43     		orrs	r2, r1
  37 0008 5A63     		str	r2, [r3, #52]
  71:Core/Src/stm32l0xx_hal_msp.c ****   __HAL_RCC_PWR_CLK_ENABLE();
  38              		.loc 1 71 3 view .LVU2
  39 000a 996B     		ldr	r1, [r3, #56]
  40 000c 8022     		movs	r2, #128
  41 000e 5205     		lsls	r2, r2, #21
  42 0010 0A43     		orrs	r2, r1
  43 0012 9A63     		str	r2, [r3, #56]
  72:Core/Src/stm32l0xx_hal_msp.c **** 
ARM GAS  C:\Users\xhex8\AppData\Local\Temp\ccwIlnnq.s 			page 3


  73:Core/Src/stm32l0xx_hal_msp.c ****   /* System interrupt init*/
  74:Core/Src/stm32l0xx_hal_msp.c **** 
  75:Core/Src/stm32l0xx_hal_msp.c ****   /* USER CODE BEGIN MspInit 1 */
  76:Core/Src/stm32l0xx_hal_msp.c **** 
  77:Core/Src/stm32l0xx_hal_msp.c ****   /* USER CODE END MspInit 1 */
  78:Core/Src/stm32l0xx_hal_msp.c **** }
  44              		.loc 1 78 1 is_stmt 0 view .LVU3
  45              		@ sp needed
  46 0014 7047     		bx	lr
  47              	.L3:
  48 0016 C046     		.align	2
  49              	.L2:
  50 0018 00100240 		.word	1073876992
  51              		.cfi_endproc
  52              	.LFE40:
  54              		.section	.text.HAL_UART_MspInit,"ax",%progbits
  55              		.align	1
  56              		.global	HAL_UART_MspInit
  57              		.syntax unified
  58              		.code	16
  59              		.thumb_func
  61              	HAL_UART_MspInit:
  62              	.LVL0:
  63              	.LFB41:
  79:Core/Src/stm32l0xx_hal_msp.c **** 
  80:Core/Src/stm32l0xx_hal_msp.c **** /**
  81:Core/Src/stm32l0xx_hal_msp.c **** * @brief UART MSP Initialization
  82:Core/Src/stm32l0xx_hal_msp.c **** * This function configures the hardware resources used in this example
  83:Core/Src/stm32l0xx_hal_msp.c **** * @param huart: UART handle pointer
  84:Core/Src/stm32l0xx_hal_msp.c **** * @retval None
  85:Core/Src/stm32l0xx_hal_msp.c **** */
  86:Core/Src/stm32l0xx_hal_msp.c **** void HAL_UART_MspInit(UART_HandleTypeDef* huart)
  87:Core/Src/stm32l0xx_hal_msp.c **** {
  64              		.loc 1 87 1 is_stmt 1 view -0
  65              		.cfi_startproc
  66              		@ args = 0, pretend = 0, frame = 24
  67              		@ frame_needed = 0, uses_anonymous_args = 0
  68              		.loc 1 87 1 is_stmt 0 view .LVU5
  69 0000 10B5     		push	{r4, lr}
  70              		.cfi_def_cfa_offset 8
  71              		.cfi_offset 4, -8
  72              		.cfi_offset 14, -4
  73 0002 86B0     		sub	sp, sp, #24
  74              		.cfi_def_cfa_offset 32
  75 0004 0400     		movs	r4, r0
  88:Core/Src/stm32l0xx_hal_msp.c ****   GPIO_InitTypeDef GPIO_InitStruct = {0};
  76              		.loc 1 88 3 is_stmt 1 view .LVU6
  77              		.loc 1 88 20 is_stmt 0 view .LVU7
  78 0006 1422     		movs	r2, #20
  79 0008 0021     		movs	r1, #0
  80 000a 01A8     		add	r0, sp, #4
  81              	.LVL1:
  82              		.loc 1 88 20 view .LVU8
  83 000c FFF7FEFF 		bl	memset
  84              	.LVL2:
  89:Core/Src/stm32l0xx_hal_msp.c ****   if(huart->Instance==LPUART1)
  85              		.loc 1 89 3 is_stmt 1 view .LVU9
ARM GAS  C:\Users\xhex8\AppData\Local\Temp\ccwIlnnq.s 			page 4


  86              		.loc 1 89 11 is_stmt 0 view .LVU10
  87 0010 2268     		ldr	r2, [r4]
  88              		.loc 1 89 5 view .LVU11
  89 0012 104B     		ldr	r3, .L7
  90 0014 9A42     		cmp	r2, r3
  91 0016 01D0     		beq	.L6
  92              	.L4:
  90:Core/Src/stm32l0xx_hal_msp.c ****   {
  91:Core/Src/stm32l0xx_hal_msp.c ****   /* USER CODE BEGIN LPUART1_MspInit 0 */
  92:Core/Src/stm32l0xx_hal_msp.c **** 
  93:Core/Src/stm32l0xx_hal_msp.c ****   /* USER CODE END LPUART1_MspInit 0 */
  94:Core/Src/stm32l0xx_hal_msp.c ****     /* Peripheral clock enable */
  95:Core/Src/stm32l0xx_hal_msp.c ****     __HAL_RCC_LPUART1_CLK_ENABLE();
  96:Core/Src/stm32l0xx_hal_msp.c **** 
  97:Core/Src/stm32l0xx_hal_msp.c ****     __HAL_RCC_GPIOA_CLK_ENABLE();
  98:Core/Src/stm32l0xx_hal_msp.c ****     /**LPUART1 GPIO Configuration
  99:Core/Src/stm32l0xx_hal_msp.c ****     PA2     ------> LPUART1_TX
 100:Core/Src/stm32l0xx_hal_msp.c ****     PA3     ------> LPUART1_RX
 101:Core/Src/stm32l0xx_hal_msp.c ****     */
 102:Core/Src/stm32l0xx_hal_msp.c ****     GPIO_InitStruct.Pin = GPIO_PIN_2|GPIO_PIN_3;
 103:Core/Src/stm32l0xx_hal_msp.c ****     GPIO_InitStruct.Mode = GPIO_MODE_AF_PP;
 104:Core/Src/stm32l0xx_hal_msp.c ****     GPIO_InitStruct.Pull = GPIO_NOPULL;
 105:Core/Src/stm32l0xx_hal_msp.c ****     GPIO_InitStruct.Speed = GPIO_SPEED_FREQ_VERY_HIGH;
 106:Core/Src/stm32l0xx_hal_msp.c ****     GPIO_InitStruct.Alternate = GPIO_AF6_LPUART1;
 107:Core/Src/stm32l0xx_hal_msp.c ****     HAL_GPIO_Init(GPIOA, &GPIO_InitStruct);
 108:Core/Src/stm32l0xx_hal_msp.c **** 
 109:Core/Src/stm32l0xx_hal_msp.c ****   /* USER CODE BEGIN LPUART1_MspInit 1 */
 110:Core/Src/stm32l0xx_hal_msp.c **** 
 111:Core/Src/stm32l0xx_hal_msp.c ****   /* USER CODE END LPUART1_MspInit 1 */
 112:Core/Src/stm32l0xx_hal_msp.c ****   }
 113:Core/Src/stm32l0xx_hal_msp.c **** 
 114:Core/Src/stm32l0xx_hal_msp.c **** }
  93              		.loc 1 114 1 view .LVU12
  94 0018 06B0     		add	sp, sp, #24
  95              		@ sp needed
  96              	.LVL3:
  97              		.loc 1 114 1 view .LVU13
  98 001a 10BD     		pop	{r4, pc}
  99              	.LVL4:
 100              	.L6:
  95:Core/Src/stm32l0xx_hal_msp.c **** 
 101              		.loc 1 95 5 is_stmt 1 view .LVU14
 102 001c 0E4B     		ldr	r3, .L7+4
 103 001e 996B     		ldr	r1, [r3, #56]
 104 0020 8022     		movs	r2, #128
 105 0022 D202     		lsls	r2, r2, #11
 106 0024 0A43     		orrs	r2, r1
 107 0026 9A63     		str	r2, [r3, #56]
  97:Core/Src/stm32l0xx_hal_msp.c ****     /**LPUART1 GPIO Configuration
 108              		.loc 1 97 5 view .LVU15
 109              	.LBB2:
  97:Core/Src/stm32l0xx_hal_msp.c ****     /**LPUART1 GPIO Configuration
 110              		.loc 1 97 5 view .LVU16
  97:Core/Src/stm32l0xx_hal_msp.c ****     /**LPUART1 GPIO Configuration
 111              		.loc 1 97 5 view .LVU17
 112 0028 D96A     		ldr	r1, [r3, #44]
 113 002a 0122     		movs	r2, #1
ARM GAS  C:\Users\xhex8\AppData\Local\Temp\ccwIlnnq.s 			page 5


 114 002c 1143     		orrs	r1, r2
 115 002e D962     		str	r1, [r3, #44]
  97:Core/Src/stm32l0xx_hal_msp.c ****     /**LPUART1 GPIO Configuration
 116              		.loc 1 97 5 view .LVU18
 117 0030 DB6A     		ldr	r3, [r3, #44]
 118 0032 1A40     		ands	r2, r3
 119 0034 0092     		str	r2, [sp]
  97:Core/Src/stm32l0xx_hal_msp.c ****     /**LPUART1 GPIO Configuration
 120              		.loc 1 97 5 view .LVU19
 121 0036 009B     		ldr	r3, [sp]
 122              	.LBE2:
  97:Core/Src/stm32l0xx_hal_msp.c ****     /**LPUART1 GPIO Configuration
 123              		.loc 1 97 5 view .LVU20
 102:Core/Src/stm32l0xx_hal_msp.c ****     GPIO_InitStruct.Mode = GPIO_MODE_AF_PP;
 124              		.loc 1 102 5 view .LVU21
 102:Core/Src/stm32l0xx_hal_msp.c ****     GPIO_InitStruct.Mode = GPIO_MODE_AF_PP;
 125              		.loc 1 102 25 is_stmt 0 view .LVU22
 126 0038 0C23     		movs	r3, #12
 127 003a 0193     		str	r3, [sp, #4]
 103:Core/Src/stm32l0xx_hal_msp.c ****     GPIO_InitStruct.Pull = GPIO_NOPULL;
 128              		.loc 1 103 5 is_stmt 1 view .LVU23
 103:Core/Src/stm32l0xx_hal_msp.c ****     GPIO_InitStruct.Pull = GPIO_NOPULL;
 129              		.loc 1 103 26 is_stmt 0 view .LVU24
 130 003c 0A3B     		subs	r3, r3, #10
 131 003e 0293     		str	r3, [sp, #8]
 104:Core/Src/stm32l0xx_hal_msp.c ****     GPIO_InitStruct.Speed = GPIO_SPEED_FREQ_VERY_HIGH;
 132              		.loc 1 104 5 is_stmt 1 view .LVU25
 105:Core/Src/stm32l0xx_hal_msp.c ****     GPIO_InitStruct.Alternate = GPIO_AF6_LPUART1;
 133              		.loc 1 105 5 view .LVU26
 105:Core/Src/stm32l0xx_hal_msp.c ****     GPIO_InitStruct.Alternate = GPIO_AF6_LPUART1;
 134              		.loc 1 105 27 is_stmt 0 view .LVU27
 135 0040 0133     		adds	r3, r3, #1
 136 0042 0493     		str	r3, [sp, #16]
 106:Core/Src/stm32l0xx_hal_msp.c ****     HAL_GPIO_Init(GPIOA, &GPIO_InitStruct);
 137              		.loc 1 106 5 is_stmt 1 view .LVU28
 106:Core/Src/stm32l0xx_hal_msp.c ****     HAL_GPIO_Init(GPIOA, &GPIO_InitStruct);
 138              		.loc 1 106 31 is_stmt 0 view .LVU29
 139 0044 0333     		adds	r3, r3, #3
 140 0046 0593     		str	r3, [sp, #20]
 107:Core/Src/stm32l0xx_hal_msp.c **** 
 141              		.loc 1 107 5 is_stmt 1 view .LVU30
 142 0048 A020     		movs	r0, #160
 143 004a 01A9     		add	r1, sp, #4
 144 004c C005     		lsls	r0, r0, #23
 145 004e FFF7FEFF 		bl	HAL_GPIO_Init
 146              	.LVL5:
 147              		.loc 1 114 1 is_stmt 0 view .LVU31
 148 0052 E1E7     		b	.L4
 149              	.L8:
 150              		.align	2
 151              	.L7:
 152 0054 00480040 		.word	1073760256
 153 0058 00100240 		.word	1073876992
 154              		.cfi_endproc
 155              	.LFE41:
 157              		.section	.text.HAL_UART_MspDeInit,"ax",%progbits
 158              		.align	1
ARM GAS  C:\Users\xhex8\AppData\Local\Temp\ccwIlnnq.s 			page 6


 159              		.global	HAL_UART_MspDeInit
 160              		.syntax unified
 161              		.code	16
 162              		.thumb_func
 164              	HAL_UART_MspDeInit:
 165              	.LVL6:
 166              	.LFB42:
 115:Core/Src/stm32l0xx_hal_msp.c **** 
 116:Core/Src/stm32l0xx_hal_msp.c **** /**
 117:Core/Src/stm32l0xx_hal_msp.c **** * @brief UART MSP De-Initialization
 118:Core/Src/stm32l0xx_hal_msp.c **** * This function freeze the hardware resources used in this example
 119:Core/Src/stm32l0xx_hal_msp.c **** * @param huart: UART handle pointer
 120:Core/Src/stm32l0xx_hal_msp.c **** * @retval None
 121:Core/Src/stm32l0xx_hal_msp.c **** */
 122:Core/Src/stm32l0xx_hal_msp.c **** void HAL_UART_MspDeInit(UART_HandleTypeDef* huart)
 123:Core/Src/stm32l0xx_hal_msp.c **** {
 167              		.loc 1 123 1 is_stmt 1 view -0
 168              		.cfi_startproc
 169              		@ args = 0, pretend = 0, frame = 0
 170              		@ frame_needed = 0, uses_anonymous_args = 0
 171              		.loc 1 123 1 is_stmt 0 view .LVU33
 172 0000 10B5     		push	{r4, lr}
 173              		.cfi_def_cfa_offset 8
 174              		.cfi_offset 4, -8
 175              		.cfi_offset 14, -4
 124:Core/Src/stm32l0xx_hal_msp.c ****   if(huart->Instance==LPUART1)
 176              		.loc 1 124 3 is_stmt 1 view .LVU34
 177              		.loc 1 124 11 is_stmt 0 view .LVU35
 178 0002 0268     		ldr	r2, [r0]
 179              		.loc 1 124 5 view .LVU36
 180 0004 074B     		ldr	r3, .L12
 181 0006 9A42     		cmp	r2, r3
 182 0008 00D0     		beq	.L11
 183              	.LVL7:
 184              	.L9:
 125:Core/Src/stm32l0xx_hal_msp.c ****   {
 126:Core/Src/stm32l0xx_hal_msp.c ****   /* USER CODE BEGIN LPUART1_MspDeInit 0 */
 127:Core/Src/stm32l0xx_hal_msp.c **** 
 128:Core/Src/stm32l0xx_hal_msp.c ****   /* USER CODE END LPUART1_MspDeInit 0 */
 129:Core/Src/stm32l0xx_hal_msp.c ****     /* Peripheral clock disable */
 130:Core/Src/stm32l0xx_hal_msp.c ****     __HAL_RCC_LPUART1_CLK_DISABLE();
 131:Core/Src/stm32l0xx_hal_msp.c **** 
 132:Core/Src/stm32l0xx_hal_msp.c ****     /**LPUART1 GPIO Configuration
 133:Core/Src/stm32l0xx_hal_msp.c ****     PA2     ------> LPUART1_TX
 134:Core/Src/stm32l0xx_hal_msp.c ****     PA3     ------> LPUART1_RX
 135:Core/Src/stm32l0xx_hal_msp.c ****     */
 136:Core/Src/stm32l0xx_hal_msp.c ****     HAL_GPIO_DeInit(GPIOA, GPIO_PIN_2|GPIO_PIN_3);
 137:Core/Src/stm32l0xx_hal_msp.c **** 
 138:Core/Src/stm32l0xx_hal_msp.c ****   /* USER CODE BEGIN LPUART1_MspDeInit 1 */
 139:Core/Src/stm32l0xx_hal_msp.c **** 
 140:Core/Src/stm32l0xx_hal_msp.c ****   /* USER CODE END LPUART1_MspDeInit 1 */
 141:Core/Src/stm32l0xx_hal_msp.c ****   }
 142:Core/Src/stm32l0xx_hal_msp.c **** 
 143:Core/Src/stm32l0xx_hal_msp.c **** }
 185              		.loc 1 143 1 view .LVU37
 186              		@ sp needed
 187 000a 10BD     		pop	{r4, pc}
ARM GAS  C:\Users\xhex8\AppData\Local\Temp\ccwIlnnq.s 			page 7


 188              	.LVL8:
 189              	.L11:
 130:Core/Src/stm32l0xx_hal_msp.c **** 
 190              		.loc 1 130 5 is_stmt 1 view .LVU38
 191 000c 064A     		ldr	r2, .L12+4
 192 000e 936B     		ldr	r3, [r2, #56]
 193 0010 0649     		ldr	r1, .L12+8
 194 0012 0B40     		ands	r3, r1
 195 0014 9363     		str	r3, [r2, #56]
 136:Core/Src/stm32l0xx_hal_msp.c **** 
 196              		.loc 1 136 5 view .LVU39
 197 0016 A020     		movs	r0, #160
 198              	.LVL9:
 136:Core/Src/stm32l0xx_hal_msp.c **** 
 199              		.loc 1 136 5 is_stmt 0 view .LVU40
 200 0018 0C21     		movs	r1, #12
 201 001a C005     		lsls	r0, r0, #23
 202 001c FFF7FEFF 		bl	HAL_GPIO_DeInit
 203              	.LVL10:
 204              		.loc 1 143 1 view .LVU41
 205 0020 F3E7     		b	.L9
 206              	.L13:
 207 0022 C046     		.align	2
 208              	.L12:
 209 0024 00480040 		.word	1073760256
 210 0028 00100240 		.word	1073876992
 211 002c FFFFFBFF 		.word	-262145
 212              		.cfi_endproc
 213              	.LFE42:
 215              		.text
 216              	.Letext0:
 217              		.file 2 "c:\\users\\xhex8\\appdata\\roaming\\code\\user\\globalstorage\\bmd.stm32-for-vscode\\@xpa
 218              		.file 3 "c:\\users\\xhex8\\appdata\\roaming\\code\\user\\globalstorage\\bmd.stm32-for-vscode\\@xpa
 219              		.file 4 "Drivers/CMSIS/Device/ST/STM32L0xx/Include/stm32l031xx.h"
 220              		.file 5 "Drivers/STM32L0xx_HAL_Driver/Inc/stm32l0xx_hal_def.h"
 221              		.file 6 "Drivers/STM32L0xx_HAL_Driver/Inc/stm32l0xx_hal_gpio.h"
 222              		.file 7 "Drivers/STM32L0xx_HAL_Driver/Inc/stm32l0xx_hal_dma.h"
 223              		.file 8 "Drivers/STM32L0xx_HAL_Driver/Inc/stm32l0xx_hal_uart.h"
 224              		.file 9 "<built-in>"
ARM GAS  C:\Users\xhex8\AppData\Local\Temp\ccwIlnnq.s 			page 8


DEFINED SYMBOLS
                            *ABS*:00000000 stm32l0xx_hal_msp.c
C:\Users\xhex8\AppData\Local\Temp\ccwIlnnq.s:19     .text.HAL_MspInit:00000000 $t
C:\Users\xhex8\AppData\Local\Temp\ccwIlnnq.s:25     .text.HAL_MspInit:00000000 HAL_MspInit
C:\Users\xhex8\AppData\Local\Temp\ccwIlnnq.s:50     .text.HAL_MspInit:00000018 $d
C:\Users\xhex8\AppData\Local\Temp\ccwIlnnq.s:55     .text.HAL_UART_MspInit:00000000 $t
C:\Users\xhex8\AppData\Local\Temp\ccwIlnnq.s:61     .text.HAL_UART_MspInit:00000000 HAL_UART_MspInit
C:\Users\xhex8\AppData\Local\Temp\ccwIlnnq.s:152    .text.HAL_UART_MspInit:00000054 $d
C:\Users\xhex8\AppData\Local\Temp\ccwIlnnq.s:158    .text.HAL_UART_MspDeInit:00000000 $t
C:\Users\xhex8\AppData\Local\Temp\ccwIlnnq.s:164    .text.HAL_UART_MspDeInit:00000000 HAL_UART_MspDeInit
C:\Users\xhex8\AppData\Local\Temp\ccwIlnnq.s:209    .text.HAL_UART_MspDeInit:00000024 $d

UNDEFINED SYMBOLS
memset
HAL_GPIO_Init
HAL_GPIO_DeInit
